<?xml version="1.0" encoding="UTF-8"?>
<testng-results ignored="0" total="5" passed="5" failed="0" skipped="0">
  <reporter-output>
  </reporter-output>
  <suite started-at="2023-01-25T12:34:33 CET" name="OpencartSuite" finished-at="2023-01-25T12:35:11 CET" duration-ms="38478">
    <groups>
    </groups>
    <test started-at="2023-01-25T12:34:33 CET" name="OpencartTest" finished-at="2023-01-25T12:35:11 CET" duration-ms="38478">
      <class name="testCases.TC_003_LoginDataDrivenTest">
        <test-method is-config="true" signature="setup(java.lang.String)[pri:0, instance:testCases.TC_003_LoginDataDrivenTest@26d9b808]" started-at="2023-01-25T12:34:33 CET" name="setup" finished-at="2023-01-25T12:34:36 CET" duration-ms="3610" status="PASS">
          <params>
            <param index="0">
              <value>
                <![CDATA[chrome]]>
              </value>
            </param>
          </params>
          <reporter-output>
          </reporter-output>
        </test-method> <!-- setup -->
        <test-method signature="test_LoginDDT(java.lang.String,java.lang.String,java.lang.String)[pri:0, instance:testCases.TC_003_LoginDataDrivenTest@26d9b808]" started-at="2023-01-25T12:34:37 CET" name="test_LoginDDT" data-provider="LoginData" finished-at="2023-01-25T12:34:38 CET" duration-ms="1037" status="PASS">
          <params>
            <param index="0">
              <value>
                <![CDATA[jelena@gmail.com]]>
              </value>
            </param>
            <param index="1">
              <value>
                <![CDATA[test@123]]>
              </value>
            </param>
            <param index="2">
              <value>
                <![CDATA[Valid]]>
              </value>
            </param>
          </params>
          <reporter-output>
          </reporter-output>
        </test-method> <!-- test_LoginDDT -->
        <test-method signature="test_LoginDDT(java.lang.String,java.lang.String,java.lang.String)[pri:0, instance:testCases.TC_003_LoginDataDrivenTest@26d9b808]" started-at="2023-01-25T12:34:38 CET" name="test_LoginDDT" data-provider="LoginData" finished-at="2023-01-25T12:34:49 CET" duration-ms="10612" status="PASS">
          <params>
            <param index="0">
              <value>
                <![CDATA[test1@yahoo.com]]>
              </value>
            </param>
            <param index="1">
              <value>
                <![CDATA[test1pass]]>
              </value>
            </param>
            <param index="2">
              <value>
                <![CDATA[Invalid]]>
              </value>
            </param>
          </params>
          <reporter-output>
          </reporter-output>
        </test-method> <!-- test_LoginDDT -->
        <test-method signature="test_LoginDDT(java.lang.String,java.lang.String,java.lang.String)[pri:0, instance:testCases.TC_003_LoginDataDrivenTest@26d9b808]" started-at="2023-01-25T12:34:49 CET" name="test_LoginDDT" data-provider="LoginData" finished-at="2023-01-25T12:34:59 CET" duration-ms="10611" status="PASS">
          <params>
            <param index="0">
              <value>
                <![CDATA[test2@yahoo.com]]>
              </value>
            </param>
            <param index="1">
              <value>
                <![CDATA[test2pass]]>
              </value>
            </param>
            <param index="2">
              <value>
                <![CDATA[Invalid]]>
              </value>
            </param>
          </params>
          <reporter-output>
          </reporter-output>
        </test-method> <!-- test_LoginDDT -->
        <test-method signature="test_LoginDDT(java.lang.String,java.lang.String,java.lang.String)[pri:0, instance:testCases.TC_003_LoginDataDrivenTest@26d9b808]" started-at="2023-01-25T12:34:59 CET" name="test_LoginDDT" data-provider="LoginData" finished-at="2023-01-25T12:35:10 CET" duration-ms="10682" status="PASS">
          <params>
            <param index="0">
              <value>
                <![CDATA[test3@yahoo.com]]>
              </value>
            </param>
            <param index="1">
              <value>
                <![CDATA[test3pass]]>
              </value>
            </param>
            <param index="2">
              <value>
                <![CDATA[Invalid]]>
              </value>
            </param>
          </params>
          <reporter-output>
          </reporter-output>
        </test-method> <!-- test_LoginDDT -->
        <test-method signature="test_LoginDDT(java.lang.String,java.lang.String,java.lang.String)[pri:0, instance:testCases.TC_003_LoginDataDrivenTest@26d9b808]" started-at="2023-01-25T12:35:10 CET" name="test_LoginDDT" data-provider="LoginData" finished-at="2023-01-25T12:35:11 CET" duration-ms="938" status="PASS">
          <params>
            <param index="0">
              <value>
                <![CDATA[admin@gmail.com]]>
              </value>
            </param>
            <param index="1">
              <value>
                <![CDATA[admin]]>
              </value>
            </param>
            <param index="2">
              <value>
                <![CDATA[Valid]]>
              </value>
            </param>
          </params>
          <reporter-output>
          </reporter-output>
        </test-method> <!-- test_LoginDDT -->
        <test-method is-config="true" signature="tearDown()[pri:0, instance:testCases.TC_003_LoginDataDrivenTest@26d9b808]" started-at="2023-01-25T12:35:11 CET" name="tearDown" finished-at="2023-01-25T12:35:11 CET" duration-ms="185" status="PASS">
          <reporter-output>
          </reporter-output>
        </test-method> <!-- tearDown -->
      </class> <!-- testCases.TC_003_LoginDataDrivenTest -->
    </test> <!-- OpencartTest -->
  </suite> <!-- OpencartSuite -->
</testng-results>
